<?xml version="1.0" encoding="UTF-8"?>
<!-- Generated by org.testng.reporters.JUnitXMLReporter -->
<testsuite ignored="0" hostname="LAPTOP-K02SKAC1" failures="0" tests="8" name="Ebay Functional Tests" time="75.651" errors="0" timestamp="2021-10-03T22:51:59 PDT">
  <testcase classname="com.ebay.qa.testcases.HomePageTest" name="homePageTitleTest" time="0.026"/>
  <testcase classname="com.ebay.qa.testcases.HomePageTest" name="ebayLogoTest" time="0.296"/>
  <testcase classname="com.ebay.qa.testcases.HomePageTest" name="fashionLinkTest" time="1.85"/>
  <testcase classname="com.ebay.qa.testcases.HomePageTest" name="dealsLinkTest" time="1.75"/>
  <testcase classname="com.ebay.qa.testcases.FashionPageTest" name="pageHeaderTest" time="0.035"/>
  <testcase classname="com.ebay.qa.testcases.FashionPageTest" name="categorysectionTest" time="0.025"/>
  <testcase classname="com.ebay.qa.testcases.FashionPageTest" name="topBrandsSectionTest" time="0.035"/>
  <testcase classname="com.ebay.qa.testcases.FashionPageTest" name="mensCloyhingLinkTest" time="2.601"/>
</testsuite> <!-- Ebay Functional Tests -->
