<?xml version="1.0" encoding="UTF-8"?>
<!-- Generated by org.testng.reporters.JUnitXMLReporter -->
<testsuite hostname="LAPTOP-K02SKAC1" ignored="0" name="Ebay Functional Tests" tests="8" failures="0" timestamp="2021-10-06T20:19:26 PDT" time="70.794" errors="0">
  <testcase name="homePageTitleTest" time="0.049" classname="com.ebay.qa.testcases.HomePageTest"/>
  <testcase name="ebayLogoTest" time="0.178" classname="com.ebay.qa.testcases.HomePageTest"/>
  <testcase name="fashionLinkTest" time="1.904" classname="com.ebay.qa.testcases.HomePageTest"/>
  <testcase name="dealsLinkTest" time="1.546" classname="com.ebay.qa.testcases.HomePageTest"/>
  <testcase name="pageHeaderTest" time="0.034" classname="com.ebay.qa.testcases.FashionPageTest"/>
  <testcase name="categorysectionTest" time="0.025" classname="com.ebay.qa.testcases.FashionPageTest"/>
  <testcase name="topBrandsSectionTest" time="0.028" classname="com.ebay.qa.testcases.FashionPageTest"/>
  <testcase name="mensCloyhingLinkTest" time="1.458" classname="com.ebay.qa.testcases.FashionPageTest"/>
</testsuite> <!-- Ebay Functional Tests -->
