<?xml version="1.0" encoding="UTF-8"?>
<testsuite xmlns:xsi="http://www.w3.org/2001/XMLSchema-instance" xsi:noNamespaceSchemaLocation="https://maven.apache.org/surefire/maven-surefire-plugin/xsd/surefire-test-report-3.0.xsd" version="3.0" name="TestSuite" time="72.062" tests="8" errors="0" skipped="0" failures="0">
  <properties>
[...]
</properties>
  <testcase name="homePageTitleTest" classname="com.ebay.qa.testcases.HomePageTest" time="0.008">
    <system-out><![CDATA[Before navigating to: 'https://www.ebay.ca/'
Navigated to:'https://www.ebay.ca/'
]]></system-out>
    <system-err><![CDATA[SLF4J: Failed to load class "org.slf4j.impl.StaticLoggerBinder".
SLF4J: Defaulting to no-operation (NOP) logger implementation
SLF4J: See http://www.slf4j.org/codes.html#StaticLoggerBinder for further details.
1633576697044	geckodriver	INFO	Listening on 127.0.0.1:32366
1633576698171	mozrunner::runner	INFO	Running command: "C:\\Program Files\\Mozilla Firefox\\firefox.exe" "--marionette" "--remote-debugging-port" "0" "-foreground" "-no-remote" "-profile" "C:\\Users\\sahil\\AppData\\Local\\Temp\\rust_mozprofileDV1LmF"
1633576700028	Marionette	INFO	Marionette enabled
console.warn: SearchSettings: "get: No settings file exists, new profile?" (new NotFoundError("Could not open the file at C:\\Users\\sahil\\AppData\\Local\\Temp\\rust_mozprofileDV1LmF\\search.json.mozlz4", (void 0)))
DevTools listening on ws://localhost:55961/devtools/browser/13f0ce22-d6a6-4c6f-8125-0b738239d6be
1633576703127	Marionette	INFO	Listening on port 63375
1633576703555	RemoteAgent	WARN	TLS certificate errors will be ignored for this session
Oct 06, 2021 8:18:23 PM org.openqa.selenium.remote.ProtocolHandshake createSession
INFO: Detected dialect: W3C
]]></system-err>
  </testcase>
  <testcase name="ebayLogoTest" classname="com.ebay.qa.testcases.HomePageTest" time="0.168">
    <system-out><![CDATA[Before navigating to: 'https://www.ebay.ca/'
Navigated to:'https://www.ebay.ca/'
Trying to find Element By : By.xpath: //img[@id='gh-logo']
Found Element By : By.xpath: //img[@id='gh-logo']
]]></system-out>
    <system-err><![CDATA[1633576705656	Marionette	INFO	Stopped listening on port 63375
JavaScript error: resource:///modules/Interactions.jsm, line 230: NS_ERROR_FAILURE: Component returned failure code: 0x80004005 (NS_ERROR_FAILURE) [nsIUserIdleService.removeIdleObserver]
JavaScript error: resource://gre/modules/AsyncShutdown.jsm, line 718: Error: Phase "Sqlite.jsm: wait until all connections are closed" is finished, it is too late to register completion condition "protections.sqlite#0: waiting for shutdown"

###!!! [Parent][RunMessage] Error: Channel closing: too late to send/recv, messages will be lost

1633576706852	geckodriver	INFO	Listening on 127.0.0.1:45887
1633576707343	mozrunner::runner	INFO	Running command: "C:\\Program Files\\Mozilla Firefox\\firefox.exe" "--marionette" "--remote-debugging-port" "0" "-foreground" "-no-remote" "-profile" "C:\\Users\\sahil\\AppData\\Local\\Temp\\rust_mozprofileAVNVtF"
1633576707785	Marionette	INFO	Marionette enabled
console.warn: SearchSettings: "get: No settings file exists, new profile?" (new NotFoundError("Could not open the file at C:\\Users\\sahil\\AppData\\Local\\Temp\\rust_mozprofileAVNVtF\\search.json.mozlz4", (void 0)))
DevTools listening on ws://localhost:61194/devtools/browser/3f6baf0f-5387-4b83-944b-dfd43c0dd385
1633576710535	Marionette	INFO	Listening on port 49707
1633576711043	RemoteAgent	WARN	TLS certificate errors will be ignored for this session
Oct 06, 2021 8:18:31 PM org.openqa.selenium.remote.ProtocolHandshake createSession
INFO: Detected dialect: W3C
]]></system-err>
  </testcase>
  <testcase name="fashionLinkTest" classname="com.ebay.qa.testcases.HomePageTest" time="1.905">
    <system-out><![CDATA[Before navigating to: 'https://www.ebay.ca/'
Navigated to:'https://www.ebay.ca/'
Trying to find Element By : By.linkText: Fashion
Found Element By : By.linkText: Fashion
Trying to click on: [[FirefoxDriver: firefox on WINDOWS (b5517a92-fc52-4340-8618-dab375fb9b1f)] -> link text: Fashion]
Clicked on: [[FirefoxDriver: firefox on WINDOWS (b5517a92-fc52-4340-8618-dab375fb9b1f)] -> link text: Fashion]
]]></system-out>
    <system-err><![CDATA[1633576712679	Marionette	INFO	Stopped listening on port 49707
JavaScript error: , line 0: NetworkError: A network error occurred.
JavaScript error: , line 0: NetworkError: A network error occurred.
JavaScript error: resource:///modules/Interactions.jsm, line 230: NS_ERROR_FAILURE: Component returned failure code: 0x80004005 (NS_ERROR_FAILURE) [nsIUserIdleService.removeIdleObserver]

###!!! [Parent][RunMessage] Error: Channel closing: too late to send/recv, messages will be lost

1633576714185	geckodriver	INFO	Listening on 127.0.0.1:23567
1633576714682	mozrunner::runner	INFO	Running command: "C:\\Program Files\\Mozilla Firefox\\firefox.exe" "--marionette" "--remote-debugging-port" "0" "-foreground" "-no-remote" "-profile" "C:\\Users\\sahil\\AppData\\Local\\Temp\\rust_mozprofilem1nZoz"
1633576715134	Marionette	INFO	Marionette enabled
console.warn: SearchSettings: "get: No settings file exists, new profile?" (new NotFoundError("Could not open the file at C:\\Users\\sahil\\AppData\\Local\\Temp\\rust_mozprofilem1nZoz\\search.json.mozlz4", (void 0)))
DevTools listening on ws://localhost:64624/devtools/browser/0ed1470f-6b9c-4edf-b0cc-68d6a2031df9
1633576717642	Marionette	INFO	Listening on port 64594
1633576717859	RemoteAgent	WARN	TLS certificate errors will be ignored for this session
Oct 06, 2021 8:18:37 PM org.openqa.selenium.remote.ProtocolHandshake createSession
INFO: Detected dialect: W3C
JavaScript error: , line 0: NetworkError: A network error occurred.
JavaScript error: , line 0: NetworkError: A network error occurred.
]]></system-err>
  </testcase>
  <testcase name="dealsLinkTest" classname="com.ebay.qa.testcases.HomePageTest" time="1.546">
    <system-out><![CDATA[Before navigating to: 'https://www.ebay.ca/'
Navigated to:'https://www.ebay.ca/'
Trying to find Element By : By.linkText: eBay Deals
Found Element By : By.linkText: eBay Deals
Trying to click on: [[FirefoxDriver: firefox on WINDOWS (dcd3deb8-e20d-498c-af81-69e14f0f5f32)] -> link text: eBay Deals]
Clicked on: [[FirefoxDriver: firefox on WINDOWS (dcd3deb8-e20d-498c-af81-69e14f0f5f32)] -> link text: eBay Deals]
]]></system-out>
    <system-err><![CDATA[1633576721788	Marionette	INFO	Stopped listening on port 64594
JavaScript error: resource:///modules/Interactions.jsm, line 230: NS_ERROR_FAILURE: Component returned failure code: 0x80004005 (NS_ERROR_FAILURE) [nsIUserIdleService.removeIdleObserver]

###!!! [Parent][RunMessage] Error: Channel closing: too late to send/recv, messages will be lost

1633576722711	geckodriver	INFO	Listening on 127.0.0.1:3317
1633576723252	mozrunner::runner	INFO	Running command: "C:\\Program Files\\Mozilla Firefox\\firefox.exe" "--marionette" "--remote-debugging-port" "0" "-foreground" "-no-remote" "-profile" "C:\\Users\\sahil\\AppData\\Local\\Temp\\rust_mozprofile9yoDcE"
1633576723687	Marionette	INFO	Marionette enabled
console.warn: SearchSettings: "get: No settings file exists, new profile?" (new NotFoundError("Could not open the file at C:\\Users\\sahil\\AppData\\Local\\Temp\\rust_mozprofile9yoDcE\\search.json.mozlz4", (void 0)))
DevTools listening on ws://localhost:59328/devtools/browser/ae446538-ada4-4f70-bc8e-97118c4aae27
1633576726055	Marionette	INFO	Listening on port 57718
1633576726430	RemoteAgent	WARN	TLS certificate errors will be ignored for this session
Oct 06, 2021 8:18:46 PM org.openqa.selenium.remote.ProtocolHandshake createSession
INFO: Detected dialect: W3C
JavaScript error: , line 0: NetworkError: A network error occurred.
JavaScript error: , line 0: NetworkError: A network error occurred.
]]></system-err>
  </testcase>
  <testcase name="pageHeaderTest" classname="com.ebay.qa.testcases.FashionPageTest" time="0.012">
    <system-out><![CDATA[Before navigating to: 'https://www.ebay.ca/'
Navigated to:'https://www.ebay.ca/'
Trying to find Element By : By.linkText: Fashion
Found Element By : By.linkText: Fashion
Trying to click on: [[FirefoxDriver: firefox on WINDOWS (473a1499-8612-4f17-bfb4-dca157a9bc81)] -> link text: Fashion]
Clicked on: [[FirefoxDriver: firefox on WINDOWS (473a1499-8612-4f17-bfb4-dca157a9bc81)] -> link text: Fashion]
Trying to find Element By : By.xpath: //body/div[5]/div[2]/h1[1]/span[1]
Found Element By : By.xpath: //body/div[5]/div[2]/h1[1]/span[1]
]]></system-out>
    <system-err><![CDATA[1633576729458	Marionette	INFO	Stopped listening on port 57718
JavaScript error: resource:///modules/Interactions.jsm, line 230: NS_ERROR_FAILURE: Component returned failure code: 0x80004005 (NS_ERROR_FAILURE) [nsIUserIdleService.removeIdleObserver]
1633576730390	geckodriver	INFO	Listening on 127.0.0.1:32531
1633576730911	mozrunner::runner	INFO	Running command: "C:\\Program Files\\Mozilla Firefox\\firefox.exe" "--marionette" "--remote-debugging-port" "0" "-foreground" "-no-remote" "-profile" "C:\\Users\\sahil\\AppData\\Local\\Temp\\rust_mozprofile5nGjuo"
1633576731348	Marionette	INFO	Marionette enabled
console.warn: SearchSettings: "get: No settings file exists, new profile?" (new NotFoundError("Could not open the file at C:\\Users\\sahil\\AppData\\Local\\Temp\\rust_mozprofile5nGjuo\\search.json.mozlz4", (void 0)))
DevTools listening on ws://localhost:62172/devtools/browser/4a628f8d-998c-49e3-9b22-8823a776e380
1633576733798	Marionette	INFO	Listening on port 65101
1633576734098	RemoteAgent	WARN	TLS certificate errors will be ignored for this session
Oct 06, 2021 8:18:54 PM org.openqa.selenium.remote.ProtocolHandshake createSession
INFO: Detected dialect: W3C
]]></system-err>
  </testcase>
  <testcase name="categorysectionTest" classname="com.ebay.qa.testcases.FashionPageTest" time="0.022">
    <system-out><![CDATA[Before navigating to: 'https://www.ebay.ca/'
Navigated to:'https://www.ebay.ca/'
Trying to find Element By : By.linkText: Fashion
Found Element By : By.linkText: Fashion
Trying to click on: [[FirefoxDriver: firefox on WINDOWS (e11e4aef-9de5-4b30-88d8-5cdc92e772e8)] -> link text: Fashion]
Clicked on: [[FirefoxDriver: firefox on WINDOWS (e11e4aef-9de5-4b30-88d8-5cdc92e772e8)] -> link text: Fashion]
Trying to find Element By : By.xpath: //h2[contains(text(),'Shop By Category')]
Found Element By : By.xpath: //h2[contains(text(),'Shop By Category')]
]]></system-out>
    <system-err><![CDATA[1633576738799	Marionette	INFO	Stopped listening on port 65101
JavaScript error: resource:///modules/Interactions.jsm, line 230: NS_ERROR_FAILURE: Component returned failure code: 0x80004005 (NS_ERROR_FAILURE) [nsIUserIdleService.removeIdleObserver]

###!!! [Parent][RunMessage] Error: Channel closing: too late to send/recv, messages will be lost

1633576739921	geckodriver	INFO	Listening on 127.0.0.1:43535
1633576740416	mozrunner::runner	INFO	Running command: "C:\\Program Files\\Mozilla Firefox\\firefox.exe" "--marionette" "--remote-debugging-port" "0" "-foreground" "-no-remote" "-profile" "C:\\Users\\sahil\\AppData\\Local\\Temp\\rust_mozprofiledViAbA"
1633576740918	Marionette	INFO	Marionette enabled
console.warn: SearchSettings: "get: No settings file exists, new profile?" (new NotFoundError("Could not open the file at C:\\Users\\sahil\\AppData\\Local\\Temp\\rust_mozprofiledViAbA\\search.json.mozlz4", (void 0)))
DevTools listening on ws://localhost:53527/devtools/browser/eb6b0e62-bc11-46ec-9961-46ea5c623ec0
1633576743454	Marionette	INFO	Listening on port 62245
1633576743573	RemoteAgent	WARN	TLS certificate errors will be ignored for this session
Oct 06, 2021 8:19:03 PM org.openqa.selenium.remote.ProtocolHandshake createSession
INFO: Detected dialect: W3C
JavaScript error: , line 0: NetworkError: A network error occurred.
JavaScript error: , line 0: NetworkError: A network error occurred.
]]></system-err>
  </testcase>
  <testcase name="topBrandsSectionTest" classname="com.ebay.qa.testcases.FashionPageTest" time="0.026">
    <system-out><![CDATA[Before navigating to: 'https://www.ebay.ca/'
Navigated to:'https://www.ebay.ca/'
Trying to find Element By : By.linkText: Fashion
Found Element By : By.linkText: Fashion
Trying to click on: [[FirefoxDriver: firefox on WINDOWS (a9d6b4fb-faa1-4a5f-a7fd-39748ad4641e)] -> link text: Fashion]
Clicked on: [[FirefoxDriver: firefox on WINDOWS (a9d6b4fb-faa1-4a5f-a7fd-39748ad4641e)] -> link text: Fashion]
Trying to find Element By : By.xpath: //h2[contains(text(),'Top Brands')]
Found Element By : By.xpath: //h2[contains(text(),'Top Brands')]
]]></system-out>
    <system-err><![CDATA[1633576747237	Marionette	INFO	Stopped listening on port 62245
JavaScript error: resource:///modules/Interactions.jsm, line 230: NS_ERROR_FAILURE: Component returned failure code: 0x80004005 (NS_ERROR_FAILURE) [nsIUserIdleService.removeIdleObserver]
1633576748282	geckodriver	INFO	Listening on 127.0.0.1:11877
1633576748836	mozrunner::runner	INFO	Running command: "C:\\Program Files\\Mozilla Firefox\\firefox.exe" "--marionette" "--remote-debugging-port" "0" "-foreground" "-no-remote" "-profile" "C:\\Users\\sahil\\AppData\\Local\\Temp\\rust_mozprofileA7RcQY"
1633576749281	Marionette	INFO	Marionette enabled
console.warn: SearchSettings: "get: No settings file exists, new profile?" (new NotFoundError("Could not open the file at C:\\Users\\sahil\\AppData\\Local\\Temp\\rust_mozprofileA7RcQY\\search.json.mozlz4", (void 0)))
DevTools listening on ws://localhost:53626/devtools/browser/cedf4aeb-90b4-4855-bff2-f1b3d9a8212e
1633576751662	Marionette	INFO	Listening on port 53597
1633576752027	RemoteAgent	WARN	TLS certificate errors will be ignored for this session
Oct 06, 2021 8:19:12 PM org.openqa.selenium.remote.ProtocolHandshake createSession
INFO: Detected dialect: W3C
JavaScript error: , line 0: NetworkError: A network error occurred.
JavaScript error: , line 0: NetworkError: A network error occurred.
]]></system-err>
  </testcase>
  <testcase name="mensCloyhingLinkTest" classname="com.ebay.qa.testcases.FashionPageTest" time="1.462">
    <system-out><![CDATA[Before navigating to: 'https://www.ebay.ca/'
Navigated to:'https://www.ebay.ca/'
Trying to find Element By : By.linkText: Fashion
Found Element By : By.linkText: Fashion
Trying to click on: [[FirefoxDriver: firefox on WINDOWS (024625cb-7e19-4049-b164-7a21e3850f52)] -> link text: Fashion]
Clicked on: [[FirefoxDriver: firefox on WINDOWS (024625cb-7e19-4049-b164-7a21e3850f52)] -> link text: Fashion]
Trying to find Element By : By.xpath: //div[contains(text(),"Men's Clothing")]
Found Element By : By.xpath: //div[contains(text(),"Men's Clothing")]
Trying to click on: [[FirefoxDriver: firefox on WINDOWS (024625cb-7e19-4049-b164-7a21e3850f52)] -> xpath: //div[contains(text(),"Men's Clothing")]]
Clicked on: [[FirefoxDriver: firefox on WINDOWS (024625cb-7e19-4049-b164-7a21e3850f52)] -> xpath: //div[contains(text(),"Men's Clothing")]]
]]></system-out>
    <system-err><![CDATA[1633576755578	Marionette	INFO	Stopped listening on port 53597
JavaScript error: resource:///modules/Interactions.jsm, line 230: NS_ERROR_FAILURE: Component returned failure code: 0x80004005 (NS_ERROR_FAILURE) [nsIUserIdleService.removeIdleObserver]

###!!! [Parent][RunMessage] Error: Channel closing: too late to send/recv, messages will be lost

1633576756527	geckodriver	INFO	Listening on 127.0.0.1:42857
1633576757023	mozrunner::runner	INFO	Running command: "C:\\Program Files\\Mozilla Firefox\\firefox.exe" "--marionette" "--remote-debugging-port" "0" "-foreground" "-no-remote" "-profile" "C:\\Users\\sahil\\AppData\\Local\\Temp\\rust_mozprofile8uG0lt"
1633576757483	Marionette	INFO	Marionette enabled
console.warn: SearchSettings: "get: No settings file exists, new profile?" (new NotFoundError("Could not open the file at C:\\Users\\sahil\\AppData\\Local\\Temp\\rust_mozprofile8uG0lt\\search.json.mozlz4", (void 0)))
DevTools listening on ws://localhost:50167/devtools/browser/ead94c3d-8bbb-47a2-8267-ba2c410a95b4
1633576759772	Marionette	INFO	Listening on port 50140
1633576760192	RemoteAgent	WARN	TLS certificate errors will be ignored for this session
Oct 06, 2021 8:19:20 PM org.openqa.selenium.remote.ProtocolHandshake createSession
INFO: Detected dialect: W3C
JavaScript error: , line 0: NetworkError: A network error occurred.
JavaScript error: , line 0: NetworkError: A network error occurred.
JavaScript error: , line 0: InvalidStateError: An attempt was made to use an object that is not, or is no longer, usable
]]></system-err>
  </testcase>
</testsuite>