<?xml version="1.0" encoding="UTF-8"?>
<testng-results skipped="0" failed="0" ignored="0" total="8" passed="8">
  <reporter-output>
  </reporter-output>
  <suite name="Suite" duration-ms="70794" started-at="2021-10-06T20:18:15 PDT" finished-at="2021-10-06T20:19:26 PDT">
    <groups>
    </groups>
    <test name="Ebay Functional Tests" duration-ms="70794" started-at="2021-10-06T20:18:15 PDT" finished-at="2021-10-06T20:19:26 PDT">
      <class name="com.ebay.qa.testcases.HomePageTest">
        <test-method status="PASS" signature="setup()[pri:0, instance:com.ebay.qa.testcases.HomePageTest@27f723]" name="setup" is-config="true" duration-ms="9860" started-at="2021-10-06T20:18:15 PDT" finished-at="2021-10-06T20:18:25 PDT">
          <reporter-output>
          </reporter-output>
        </test-method> <!-- setup -->
        <test-method status="PASS" signature="homePageTitleTest()[pri:1, instance:com.ebay.qa.testcases.HomePageTest@27f723]" name="homePageTitleTest" duration-ms="49" started-at="2021-10-06T20:18:25 PDT" finished-at="2021-10-06T20:18:25 PDT">
          <reporter-output>
          </reporter-output>
        </test-method> <!-- homePageTitleTest -->
        <test-method status="PASS" signature="tearDown()[pri:0, instance:com.ebay.qa.testcases.HomePageTest@27f723]" name="tearDown" is-config="true" duration-ms="1138" started-at="2021-10-06T20:18:25 PDT" finished-at="2021-10-06T20:18:26 PDT">
          <reporter-output>
          </reporter-output>
        </test-method> <!-- tearDown -->
        <test-method status="PASS" signature="setup()[pri:0, instance:com.ebay.qa.testcases.HomePageTest@27f723]" name="setup" is-config="true" duration-ms="5714" started-at="2021-10-06T20:18:26 PDT" finished-at="2021-10-06T20:18:32 PDT">
          <reporter-output>
          </reporter-output>
        </test-method> <!-- setup -->
        <test-method status="PASS" signature="ebayLogoTest()[pri:2, instance:com.ebay.qa.testcases.HomePageTest@27f723]" name="ebayLogoTest" duration-ms="178" started-at="2021-10-06T20:18:32 PDT" finished-at="2021-10-06T20:18:32 PDT">
          <reporter-output>
          </reporter-output>
        </test-method> <!-- ebayLogoTest -->
        <test-method status="PASS" signature="tearDown()[pri:0, instance:com.ebay.qa.testcases.HomePageTest@27f723]" name="tearDown" is-config="true" duration-ms="1387" started-at="2021-10-06T20:18:32 PDT" finished-at="2021-10-06T20:18:34 PDT">
          <reporter-output>
          </reporter-output>
        </test-method> <!-- tearDown -->
        <test-method status="PASS" signature="setup()[pri:0, instance:com.ebay.qa.testcases.HomePageTest@27f723]" name="setup" is-config="true" duration-ms="5759" started-at="2021-10-06T20:18:34 PDT" finished-at="2021-10-06T20:18:39 PDT">
          <reporter-output>
          </reporter-output>
        </test-method> <!-- setup -->
        <test-method status="PASS" signature="fashionLinkTest()[pri:3, instance:com.ebay.qa.testcases.HomePageTest@27f723]" name="fashionLinkTest" duration-ms="1904" started-at="2021-10-06T20:18:39 PDT" finished-at="2021-10-06T20:18:41 PDT">
          <reporter-output>
          </reporter-output>
        </test-method> <!-- fashionLinkTest -->
        <test-method status="PASS" signature="tearDown()[pri:0, instance:com.ebay.qa.testcases.HomePageTest@27f723]" name="tearDown" is-config="true" duration-ms="856" started-at="2021-10-06T20:18:41 PDT" finished-at="2021-10-06T20:18:42 PDT">
          <reporter-output>
          </reporter-output>
        </test-method> <!-- tearDown -->
        <test-method status="PASS" signature="setup()[pri:0, instance:com.ebay.qa.testcases.HomePageTest@27f723]" name="setup" is-config="true" duration-ms="5272" started-at="2021-10-06T20:18:42 PDT" finished-at="2021-10-06T20:18:47 PDT">
          <reporter-output>
          </reporter-output>
        </test-method> <!-- setup -->
        <test-method status="PASS" signature="dealsLinkTest()[pri:4, instance:com.ebay.qa.testcases.HomePageTest@27f723]" name="dealsLinkTest" duration-ms="1546" started-at="2021-10-06T20:18:47 PDT" finished-at="2021-10-06T20:18:49 PDT">
          <reporter-output>
          </reporter-output>
        </test-method> <!-- dealsLinkTest -->
        <test-method status="PASS" signature="tearDown()[pri:0, instance:com.ebay.qa.testcases.HomePageTest@27f723]" name="tearDown" is-config="true" duration-ms="865" started-at="2021-10-06T20:18:49 PDT" finished-at="2021-10-06T20:18:50 PDT">
          <reporter-output>
          </reporter-output>
        </test-method> <!-- tearDown -->
      </class> <!-- com.ebay.qa.testcases.HomePageTest -->
      <class name="com.ebay.qa.testcases.FashionPageTest">
        <test-method status="PASS" signature="setup()[pri:0, instance:com.ebay.qa.testcases.FashionPageTest@33723e30]" name="setup" is-config="true" duration-ms="8438" started-at="2021-10-06T20:18:50 PDT" finished-at="2021-10-06T20:18:58 PDT">
          <reporter-output>
          </reporter-output>
        </test-method> <!-- setup -->
        <test-method status="PASS" signature="pageHeaderTest()[pri:1, instance:com.ebay.qa.testcases.FashionPageTest@33723e30]" name="pageHeaderTest" duration-ms="34" started-at="2021-10-06T20:18:58 PDT" finished-at="2021-10-06T20:18:58 PDT">
          <reporter-output>
          </reporter-output>
        </test-method> <!-- pageHeaderTest -->
        <test-method status="PASS" signature="tearDown()[pri:0, instance:com.ebay.qa.testcases.FashionPageTest@33723e30]" name="tearDown" is-config="true" duration-ms="1051" started-at="2021-10-06T20:18:58 PDT" finished-at="2021-10-06T20:18:59 PDT">
          <reporter-output>
          </reporter-output>
        </test-method> <!-- tearDown -->
        <test-method status="PASS" signature="setup()[pri:0, instance:com.ebay.qa.testcases.FashionPageTest@33723e30]" name="setup" is-config="true" duration-ms="7362" started-at="2021-10-06T20:18:59 PDT" finished-at="2021-10-06T20:19:07 PDT">
          <reporter-output>
          </reporter-output>
        </test-method> <!-- setup -->
        <test-method status="PASS" signature="categorysectionTest()[pri:2, instance:com.ebay.qa.testcases.FashionPageTest@33723e30]" name="categorysectionTest" duration-ms="25" started-at="2021-10-06T20:19:07 PDT" finished-at="2021-10-06T20:19:07 PDT">
          <reporter-output>
          </reporter-output>
        </test-method> <!-- categorysectionTest -->
        <test-method status="PASS" signature="tearDown()[pri:0, instance:com.ebay.qa.testcases.FashionPageTest@33723e30]" name="tearDown" is-config="true" duration-ms="962" started-at="2021-10-06T20:19:07 PDT" finished-at="2021-10-06T20:19:08 PDT">
          <reporter-output>
          </reporter-output>
        </test-method> <!-- tearDown -->
        <test-method status="PASS" signature="setup()[pri:0, instance:com.ebay.qa.testcases.FashionPageTest@33723e30]" name="setup" is-config="true" duration-ms="7350" started-at="2021-10-06T20:19:08 PDT" finished-at="2021-10-06T20:19:15 PDT">
          <reporter-output>
          </reporter-output>
        </test-method> <!-- setup -->
        <test-method status="PASS" signature="topBrandsSectionTest()[pri:3, instance:com.ebay.qa.testcases.FashionPageTest@33723e30]" name="topBrandsSectionTest" duration-ms="28" started-at="2021-10-06T20:19:15 PDT" finished-at="2021-10-06T20:19:15 PDT">
          <reporter-output>
          </reporter-output>
        </test-method> <!-- topBrandsSectionTest -->
        <test-method status="PASS" signature="tearDown()[pri:0, instance:com.ebay.qa.testcases.FashionPageTest@33723e30]" name="tearDown" is-config="true" duration-ms="865" started-at="2021-10-06T20:19:15 PDT" finished-at="2021-10-06T20:19:16 PDT">
          <reporter-output>
          </reporter-output>
        </test-method> <!-- tearDown -->
        <test-method status="PASS" signature="setup()[pri:0, instance:com.ebay.qa.testcases.FashionPageTest@33723e30]" name="setup" is-config="true" duration-ms="7592" started-at="2021-10-06T20:19:16 PDT" finished-at="2021-10-06T20:19:24 PDT">
          <reporter-output>
          </reporter-output>
        </test-method> <!-- setup -->
        <test-method status="PASS" signature="mensCloyhingLinkTest()[pri:4, instance:com.ebay.qa.testcases.FashionPageTest@33723e30]" name="mensCloyhingLinkTest" duration-ms="1458" started-at="2021-10-06T20:19:24 PDT" finished-at="2021-10-06T20:19:25 PDT">
          <reporter-output>
          </reporter-output>
        </test-method> <!-- mensCloyhingLinkTest -->
        <test-method status="PASS" signature="tearDown()[pri:0, instance:com.ebay.qa.testcases.FashionPageTest@33723e30]" name="tearDown" is-config="true" duration-ms="988" started-at="2021-10-06T20:19:25 PDT" finished-at="2021-10-06T20:19:26 PDT">
          <reporter-output>
          </reporter-output>
        </test-method> <!-- tearDown -->
      </class> <!-- com.ebay.qa.testcases.FashionPageTest -->
    </test> <!-- Ebay Functional Tests -->
  </suite> <!-- Suite -->
</testng-results>
