<?xml version="1.0" encoding="UTF-8"?>
<testng-results ignored="0" total="8" passed="8" failed="0" skipped="0">
  <reporter-output>
  </reporter-output>
  <suite started-at="2021-10-03T22:50:43 PDT" name="Suite" finished-at="2021-10-03T22:51:59 PDT" duration-ms="75651">
    <groups>
    </groups>
    <test started-at="2021-10-03T22:50:43 PDT" name="Ebay Functional Tests" finished-at="2021-10-03T22:51:59 PDT" duration-ms="75651">
      <class name="com.ebay.qa.testcases.HomePageTest">
        <test-method is-config="true" signature="setup()[pri:0, instance:com.ebay.qa.testcases.HomePageTest@4d5650ae]" started-at="2021-10-03T22:50:43 PDT" name="setup" finished-at="2021-10-03T22:50:49 PDT" duration-ms="6135" status="PASS">
          <reporter-output>
          </reporter-output>
        </test-method> <!-- setup -->
        <test-method signature="homePageTitleTest()[pri:1, instance:com.ebay.qa.testcases.HomePageTest@4d5650ae]" started-at="2021-10-03T22:50:49 PDT" name="homePageTitleTest" finished-at="2021-10-03T22:50:49 PDT" duration-ms="26" status="PASS">
          <reporter-output>
          </reporter-output>
        </test-method> <!-- homePageTitleTest -->
        <test-method is-config="true" signature="tearDown()[pri:0, instance:com.ebay.qa.testcases.HomePageTest@4d5650ae]" started-at="2021-10-03T22:50:49 PDT" name="tearDown" finished-at="2021-10-03T22:50:50 PDT" duration-ms="1025" status="PASS">
          <reporter-output>
          </reporter-output>
        </test-method> <!-- tearDown -->
        <test-method is-config="true" signature="setup()[pri:0, instance:com.ebay.qa.testcases.HomePageTest@4d5650ae]" started-at="2021-10-03T22:50:50 PDT" name="setup" finished-at="2021-10-03T22:50:57 PDT" duration-ms="6097" status="PASS">
          <reporter-output>
          </reporter-output>
        </test-method> <!-- setup -->
        <test-method signature="ebayLogoTest()[pri:2, instance:com.ebay.qa.testcases.HomePageTest@4d5650ae]" started-at="2021-10-03T22:50:57 PDT" name="ebayLogoTest" finished-at="2021-10-03T22:50:57 PDT" duration-ms="296" status="PASS">
          <reporter-output>
          </reporter-output>
        </test-method> <!-- ebayLogoTest -->
        <test-method is-config="true" signature="tearDown()[pri:0, instance:com.ebay.qa.testcases.HomePageTest@4d5650ae]" started-at="2021-10-03T22:50:57 PDT" name="tearDown" finished-at="2021-10-03T22:50:58 PDT" duration-ms="1338" status="PASS">
          <reporter-output>
          </reporter-output>
        </test-method> <!-- tearDown -->
        <test-method is-config="true" signature="setup()[pri:0, instance:com.ebay.qa.testcases.HomePageTest@4d5650ae]" started-at="2021-10-03T22:50:58 PDT" name="setup" finished-at="2021-10-03T22:51:04 PDT" duration-ms="5556" status="PASS">
          <reporter-output>
          </reporter-output>
        </test-method> <!-- setup -->
        <test-method signature="fashionLinkTest()[pri:3, instance:com.ebay.qa.testcases.HomePageTest@4d5650ae]" started-at="2021-10-03T22:51:04 PDT" name="fashionLinkTest" finished-at="2021-10-03T22:51:06 PDT" duration-ms="1850" status="PASS">
          <reporter-output>
          </reporter-output>
        </test-method> <!-- fashionLinkTest -->
        <test-method is-config="true" signature="tearDown()[pri:0, instance:com.ebay.qa.testcases.HomePageTest@4d5650ae]" started-at="2021-10-03T22:51:06 PDT" name="tearDown" finished-at="2021-10-03T22:51:07 PDT" duration-ms="1181" status="PASS">
          <reporter-output>
          </reporter-output>
        </test-method> <!-- tearDown -->
        <test-method is-config="true" signature="setup()[pri:0, instance:com.ebay.qa.testcases.HomePageTest@4d5650ae]" started-at="2021-10-03T22:51:07 PDT" name="setup" finished-at="2021-10-03T22:51:13 PDT" duration-ms="5948" status="PASS">
          <reporter-output>
          </reporter-output>
        </test-method> <!-- setup -->
        <test-method signature="dealsLinkTest()[pri:4, instance:com.ebay.qa.testcases.HomePageTest@4d5650ae]" started-at="2021-10-03T22:51:13 PDT" name="dealsLinkTest" finished-at="2021-10-03T22:51:14 PDT" duration-ms="1750" status="PASS">
          <reporter-output>
          </reporter-output>
        </test-method> <!-- dealsLinkTest -->
        <test-method is-config="true" signature="tearDown()[pri:0, instance:com.ebay.qa.testcases.HomePageTest@4d5650ae]" started-at="2021-10-03T22:51:14 PDT" name="tearDown" finished-at="2021-10-03T22:51:16 PDT" duration-ms="1167" status="PASS">
          <reporter-output>
          </reporter-output>
        </test-method> <!-- tearDown -->
      </class> <!-- com.ebay.qa.testcases.HomePageTest -->
      <class name="com.ebay.qa.testcases.FashionPageTest">
        <test-method is-config="true" signature="setup()[pri:0, instance:com.ebay.qa.testcases.FashionPageTest@2eae8e6e]" started-at="2021-10-03T22:51:16 PDT" name="setup" finished-at="2021-10-03T22:51:25 PDT" duration-ms="9727" status="PASS">
          <reporter-output>
          </reporter-output>
        </test-method> <!-- setup -->
        <test-method signature="pageHeaderTest()[pri:1, instance:com.ebay.qa.testcases.FashionPageTest@2eae8e6e]" started-at="2021-10-03T22:51:25 PDT" name="pageHeaderTest" finished-at="2021-10-03T22:51:25 PDT" duration-ms="35" status="PASS">
          <reporter-output>
          </reporter-output>
        </test-method> <!-- pageHeaderTest -->
        <test-method is-config="true" signature="tearDown()[pri:0, instance:com.ebay.qa.testcases.FashionPageTest@2eae8e6e]" started-at="2021-10-03T22:51:25 PDT" name="tearDown" finished-at="2021-10-03T22:51:27 PDT" duration-ms="1126" status="PASS">
          <reporter-output>
          </reporter-output>
        </test-method> <!-- tearDown -->
        <test-method is-config="true" signature="setup()[pri:0, instance:com.ebay.qa.testcases.FashionPageTest@2eae8e6e]" started-at="2021-10-03T22:51:27 PDT" name="setup" finished-at="2021-10-03T22:51:37 PDT" duration-ms="10923" status="PASS">
          <reporter-output>
          </reporter-output>
        </test-method> <!-- setup -->
        <test-method signature="categorysectionTest()[pri:2, instance:com.ebay.qa.testcases.FashionPageTest@2eae8e6e]" started-at="2021-10-03T22:51:37 PDT" name="categorysectionTest" finished-at="2021-10-03T22:51:38 PDT" duration-ms="25" status="PASS">
          <reporter-output>
          </reporter-output>
        </test-method> <!-- categorysectionTest -->
        <test-method is-config="true" signature="tearDown()[pri:0, instance:com.ebay.qa.testcases.FashionPageTest@2eae8e6e]" started-at="2021-10-03T22:51:38 PDT" name="tearDown" finished-at="2021-10-03T22:51:39 PDT" duration-ms="1253" status="PASS">
          <reporter-output>
          </reporter-output>
        </test-method> <!-- tearDown -->
        <test-method is-config="true" signature="setup()[pri:0, instance:com.ebay.qa.testcases.FashionPageTest@2eae8e6e]" started-at="2021-10-03T22:51:39 PDT" name="setup" finished-at="2021-10-03T22:51:46 PDT" duration-ms="7646" status="PASS">
          <reporter-output>
          </reporter-output>
        </test-method> <!-- setup -->
        <test-method signature="topBrandsSectionTest()[pri:3, instance:com.ebay.qa.testcases.FashionPageTest@2eae8e6e]" started-at="2021-10-03T22:51:46 PDT" name="topBrandsSectionTest" finished-at="2021-10-03T22:51:46 PDT" duration-ms="35" status="PASS">
          <reporter-output>
          </reporter-output>
        </test-method> <!-- topBrandsSectionTest -->
        <test-method is-config="true" signature="tearDown()[pri:0, instance:com.ebay.qa.testcases.FashionPageTest@2eae8e6e]" started-at="2021-10-03T22:51:46 PDT" name="tearDown" finished-at="2021-10-03T22:51:48 PDT" duration-ms="1103" status="PASS">
          <reporter-output>
          </reporter-output>
        </test-method> <!-- tearDown -->
        <test-method is-config="true" signature="setup()[pri:0, instance:com.ebay.qa.testcases.FashionPageTest@2eae8e6e]" started-at="2021-10-03T22:51:48 PDT" name="setup" finished-at="2021-10-03T22:51:55 PDT" duration-ms="7579" status="PASS">
          <reporter-output>
          </reporter-output>
        </test-method> <!-- setup -->
        <test-method signature="mensCloyhingLinkTest()[pri:4, instance:com.ebay.qa.testcases.FashionPageTest@2eae8e6e]" started-at="2021-10-03T22:51:55 PDT" name="mensCloyhingLinkTest" finished-at="2021-10-03T22:51:58 PDT" duration-ms="2601" status="PASS">
          <reporter-output>
          </reporter-output>
        </test-method> <!-- mensCloyhingLinkTest -->
        <test-method is-config="true" signature="tearDown()[pri:0, instance:com.ebay.qa.testcases.FashionPageTest@2eae8e6e]" started-at="2021-10-03T22:51:58 PDT" name="tearDown" finished-at="2021-10-03T22:51:59 PDT" duration-ms="1154" status="PASS">
          <reporter-output>
          </reporter-output>
        </test-method> <!-- tearDown -->
      </class> <!-- com.ebay.qa.testcases.FashionPageTest -->
    </test> <!-- Ebay Functional Tests -->
  </suite> <!-- Suite -->
</testng-results>
